<?xml version="1.0" encoding="UTF-8"?>
<!-- Generated by org.testng.reporters.JUnitXMLReporter -->
<testsuite hostname="DESKTOP-O6USHPG" ignored="0" name="Smoke" tests="1" failures="1" timestamp="24 Jan 2020 02:30:28 GMT" time="27.437" errors="0">
  <testcase name="homePageTitleTest" time="0.035" classname="com.pom.qa.tests.HomePageTests">
    <failure type="java.lang.AssertionError" message="expected [Facebook – log in or sign up] but found []">
      <![CDATA[java.lang.AssertionError: expected [Facebook – log in or sign up] but found []
at com.pom.qa.tests.HomePageTests.homePageTitleTest(HomePageTests.java:28)
... Removed 34 stack frames]]>
    </failure>
  </testcase> <!-- homePageTitleTest -->
</testsuite> <!-- Smoke -->
